Log file open, 03/06/18 22:30:15
LogWindows: Failed to load 'aqProf.dll' (GetLastError=126)
LogWindows: File 'aqProf.dll' does not exist
LogWindows: Failed to load 'VSPerf140.dll' (GetLastError=126)
LogWindows: File 'VSPerf140.dll' does not exist
LogWindows: Failed to load 'VtuneApi.dll' (GetLastError=126)
LogWindows: File 'VtuneApi.dll' does not exist
LogWindows: Failed to load 'VtuneApi32e.dll' (GetLastError=126)
LogWindows: File 'VtuneApi32e.dll' does not exist
LogInit: Display: Running engine for game: RoboGraph
LogPlatformFile: Not using cached read wrapper
LogInit: Display: RandInit(-1521175177) SRandInit(-1521175177).
LogInit: Read version file with build ID '3709383'
LogInit: Overriding engine version to CL 3832480, compatible CL 3709383
LogInit: Registered custom module enumerator with build ID '3709383'
LogTaskGraph: Started task graph with 5 named threads and 14 total threads with 3 sets of task threads.
LogStats: Stats thread started at 0.466350
LogD3D11RHI: Aftermath initialized
LogPluginManager: Mounting plugin Paper2D
LogPluginManager: Mounting plugin LightPropagationVolume
LogPluginManager: Mounting plugin CodeLiteSourceCodeAccess
LogPluginManager: Mounting plugin GitSourceControl
LogPluginManager: Mounting plugin KDevelopSourceCodeAccess
LogPluginManager: Mounting plugin NullSourceCodeAccess
LogPluginManager: Mounting plugin PerforceSourceControl
LogPluginManager: Mounting plugin SubversionSourceControl
LogPluginManager: Mounting plugin UObjectPlugin
LogPluginManager: Mounting plugin VisualStudioCodeSourceCodeAccess
LogPluginManager: Mounting plugin VisualStudioSourceCodeAccess
LogPluginManager: Mounting plugin XCodeSourceCodeAccess
LogPluginManager: Mounting plugin AssetManagerEditor
LogPluginManager: Mounting plugin AudioCapture
LogPluginManager: Mounting plugin FacialAnimation
LogPluginManager: Mounting plugin GameplayTagsEditor
LogPluginManager: Mounting plugin MobileLauncherProfileWizard
LogPluginManager: Mounting plugin PluginBrowser
LogPluginManager: Mounting plugin SpeedTreeImporter
LogPluginManager: Mounting plugin AlembicImporter
LogPluginManager: Mounting plugin CharacterAI
LogPluginManager: Mounting plugin HTML5Networking
LogPluginManager: Mounting plugin AndroidMedia
LogPluginManager: Mounting plugin AvfMedia
LogPluginManager: Mounting plugin ImgMedia
LogPluginManager: Mounting plugin MediaCompositing
LogPluginManager: Mounting plugin MediaPlayerEditor
LogPluginManager: Mounting plugin WmfMedia
LogPluginManager: Mounting plugin TcpMessaging
LogPluginManager: Mounting plugin UdpMessaging
LogPluginManager: Mounting plugin ActorSequence
LogPluginManager: Mounting plugin LevelSequenceEditor
LogPluginManager: Mounting plugin MatineeToLevelSequence
LogPluginManager: Mounting plugin OnlineSubsystemGooglePlay
LogPluginManager: Mounting plugin OnlineSubsystemIOS
LogPluginManager: Mounting plugin OnlineSubsystem
LogPluginManager: Mounting plugin OnlineSubsystemNull
LogPluginManager: Mounting plugin OnlineSubsystemUtils
LogPluginManager: Mounting plugin AndroidDeviceProfileSelector
LogPluginManager: Mounting plugin AndroidMoviePlayer
LogPluginManager: Mounting plugin AndroidPermission
LogPluginManager: Mounting plugin AppleARKit
LogPluginManager: Mounting plugin AppleMoviePlayer
LogPluginManager: Mounting plugin ArchVisCharacter
LogPluginManager: Mounting plugin CableComponent
LogPluginManager: Mounting plugin CustomMeshComponent
LogPluginManager: Mounting plugin ExampleDeviceProfileSelector
LogPluginManager: Mounting plugin GoogleCloudMessaging
LogPluginManager: Mounting plugin ImmediatePhysics
LogPluginManager: Mounting plugin IOSDeviceProfileSelector
LogPluginManager: Mounting plugin LinuxDeviceProfileSelector
LogPluginManager: Mounting plugin LocationServicesBPLibrary
LogPluginManager: Mounting plugin MobilePatchingUtils
LogPluginManager: Mounting plugin OculusVR
LogPluginManager: Plugin shader directory ../../../Engine/Plugins/Runtime/Oculus/OculusVR/Shaders found
LogPluginManager: Mapping shader source directory ../../../Engine/Plugins/Runtime/Oculus/OculusVR/Shaders to virtual directory /Plugin/OculusVR
LogPluginManager: Mounting plugin PhysXVehicles
LogPluginManager: Mounting plugin ProceduralMeshComponent
LogPluginManager: Mounting plugin RuntimePhysXCooking
LogPluginManager: Mounting plugin SteamVR
LogPluginManager: Mounting plugin WindowsMoviePlayer
LogModuleManager: Display: Found up-to-date module file D:/Projects/RoboGraph/RoboGraph/Binaries/Win64/UE4Editor-RoboGraph-3194.dll (API version 3709383).
LogModuleManager: Display: Found up-to-date module file ../../../Engine/Plugins/2D/Paper2D/Binaries/Win64/UE4Editor-Paper2D.dll (API version 3709383).
LogModuleManager: Display: Found up-to-date module file ../../../Engine/Plugins/2D/Paper2D/Binaries/Win64/UE4Editor-Paper2DEditor.dll (API version 3709383).
LogModuleManager: Display: Found up-to-date module file ../../../Engine/Plugins/2D/Paper2D/Binaries/Win64/UE4Editor-PaperSpriteSheetImporter.dll (API version 3709383).
LogModuleManager: Display: Found up-to-date module file ../../../Engine/Plugins/2D/Paper2D/Binaries/Win64/UE4Editor-PaperTiledImporter.dll (API version 3709383).
LogModuleManager: Display: Found up-to-date module file ../../../Engine/Plugins/2D/Paper2D/Binaries/Win64/UE4Editor-SmartSnapping.dll (API version 3709383).
LogModuleManager: Display: Found up-to-date module file ../../../Engine/Plugins/Blendables/LightPropagationVolume/Binaries/Win64/UE4Editor-LightPropagationVolumeRuntime.dll (API version 3709383).
LogModuleManager: Display: Found up-to-date module file ../../../Engine/Plugins/Blendables/LightPropagationVolume/Binaries/Win64/UE4Editor-LightPropagationVolumeEditor.dll (API version 3709383).
LogModuleManager: Display: Found up-to-date module file ../../../Engine/Plugins/Developer/GitSourceControl/Binaries/Win64/UE4Editor-GitSourceControl.dll (API version 3709383).
LogModuleManager: Display: Found up-to-date module file ../../../Engine/Plugins/Developer/PerforceSourceControl/Binaries/Win64/UE4Editor-PerforceSourceControl.dll (API version 3709383).
LogModuleManager: Display: Found up-to-date module file ../../../Engine/Plugins/Developer/SubversionSourceControl/Binaries/Win64/UE4Editor-SubversionSourceControl.dll (API version 3709383).
LogModuleManager: Display: Found up-to-date module file ../../../Engine/Plugins/Developer/UObjectPlugin/Binaries/Win64/UE4Editor-UObjectPlugin.dll (API version 3709383).
LogModuleManager: Display: Found up-to-date module file ../../../Engine/Plugins/Developer/VisualStudioCodeSourceCodeAccess/Binaries/Win64/UE4Editor-VisualStudioCodeSourceCodeAccess.dll (API version 3709383).
LogModuleManager: Display: Found up-to-date module file ../../../Engine/Plugins/Developer/VisualStudioSourceCodeAccess/Binaries/Win64/UE4Editor-VisualStudioSourceCodeAccess.dll (API version 3709383).
LogModuleManager: Display: Found up-to-date module file ../../../Engine/Plugins/Editor/AssetManagerEditor/Binaries/Win64/UE4Editor-AssetManagerEditor.dll (API version 3709383).
LogModuleManager: Display: Found up-to-date module file ../../../Engine/Plugins/Editor/AudioCapture/Binaries/Win64/UE4Editor-AudioCapture.dll (API version 3709383).
LogModuleManager: Display: Found up-to-date module file ../../../Engine/Plugins/Editor/FacialAnimation/Binaries/Win64/UE4Editor-FacialAnimation.dll (API version 3709383).
LogModuleManager: Display: Found up-to-date module file ../../../Engine/Plugins/Editor/FacialAnimation/Binaries/Win64/UE4Editor-FacialAnimationEditor.dll (API version 3709383).
LogModuleManager: Display: Found up-to-date module file ../../../Engine/Plugins/Editor/GameplayTagsEditor/Binaries/Win64/UE4Editor-GameplayTagsEditor.dll (API version 3709383).
LogModuleManager: Display: Found up-to-date module file ../../../Engine/Plugins/Editor/MobileLauncherProfileWizard/Binaries/Win64/UE4Editor-MobileLauncherProfileWizard.dll (API version 3709383).
LogModuleManager: Display: Found up-to-date module file ../../../Engine/Plugins/Editor/PluginBrowser/Binaries/Win64/UE4Editor-PluginBrowser.dll (API version 3709383).
LogModuleManager: Display: Found up-to-date module file ../../../Engine/Plugins/Editor/SpeedTreeImporter/Binaries/Win64/UE4Editor-SpeedTreeImporter.dll (API version 3709383).
LogModuleManager: Display: Found up-to-date module file ../../../Engine/Plugins/Experimental/AlembicImporter/Binaries/Win64/UE4Editor-AlembicImporter.dll (API version 3709383).
LogModuleManager: Display: Found up-to-date module file ../../../Engine/Plugins/Experimental/AlembicImporter/Binaries/Win64/UE4Editor-AlembicLibrary.dll (API version 3709383).
LogModuleManager: Display: Found up-to-date module file ../../../Engine/Plugins/Experimental/CharacterAI/Binaries/Win64/UE4Editor-CharacterAI.dll (API version 3709383).
LogModuleManager: Display: Found up-to-date module file ../../../Engine/Plugins/Experimental/HTML5Networking/Binaries/Win64/UE4Editor-HTML5Networking.dll (API version 3709383).
LogModuleManager: Display: Found up-to-date module file ../../../Engine/Plugins/Media/AndroidMedia/Binaries/Win64/UE4Editor-AndroidMediaEditor.dll (API version 3709383).
LogModuleManager: Display: Found up-to-date module file ../../../Engine/Plugins/Media/AndroidMedia/Binaries/Win64/UE4Editor-AndroidMediaFactory.dll (API version 3709383).
LogModuleManager: Display: Found up-to-date module file ../../../Engine/Plugins/Media/AvfMedia/Binaries/Win64/UE4Editor-AvfMediaEditor.dll (API version 3709383).
LogModuleManager: Display: Found up-to-date module file ../../../Engine/Plugins/Media/AvfMedia/Binaries/Win64/UE4Editor-AvfMediaFactory.dll (API version 3709383).
LogModuleManager: Display: Found up-to-date module file ../../../Engine/Plugins/Media/AvfMedia/Binaries/Win64/UE4Editor-AvfMediaFactory.dll (API version 3709383).
LogModuleManager: Display: Found up-to-date module file ../../../Engine/Plugins/Media/ImgMedia/Binaries/Win64/UE4Editor-ImgMedia.dll (API version 3709383).
LogModuleManager: Display: Found up-to-date module file ../../../Engine/Plugins/Media/ImgMedia/Binaries/Win64/UE4Editor-ImgMediaEditor.dll (API version 3709383).
LogModuleManager: Display: Found up-to-date module file ../../../Engine/Plugins/Media/ImgMedia/Binaries/Win64/UE4Editor-ImgMediaFactory.dll (API version 3709383).
LogModuleManager: Display: Found up-to-date module file ../../../Engine/Plugins/Media/ImgMedia/Binaries/Win64/UE4Editor-ImgMediaFactory.dll (API version 3709383).
LogModuleManager: Display: Found up-to-date module file ../../../Engine/Plugins/Media/ImgMedia/Binaries/Win64/UE4Editor-OpenExrWrapper.dll (API version 3709383).
LogModuleManager: Display: Found up-to-date module file ../../../Engine/Plugins/Media/MediaCompositing/Binaries/Win64/UE4Editor-MediaCompositing.dll (API version 3709383).
LogModuleManager: Display: Found up-to-date module file ../../../Engine/Plugins/Media/MediaCompositing/Binaries/Win64/UE4Editor-MediaCompositingEditor.dll (API version 3709383).
LogModuleManager: Display: Found up-to-date module file ../../../Engine/Plugins/Media/MediaPlayerEditor/Binaries/Win64/UE4Editor-MediaPlayerEditor.dll (API version 3709383).
LogModuleManager: Display: Found up-to-date module file ../../../Engine/Plugins/Media/WmfMedia/Binaries/Win64/UE4Editor-WmfMedia.dll (API version 3709383).
LogModuleManager: Display: Found up-to-date module file ../../../Engine/Plugins/Media/WmfMedia/Binaries/Win64/UE4Editor-WmfMediaEditor.dll (API version 3709383).
LogModuleManager: Display: Found up-to-date module file ../../../Engine/Plugins/Media/WmfMedia/Binaries/Win64/UE4Editor-WmfMediaFactory.dll (API version 3709383).
LogModuleManager: Display: Found up-to-date module file ../../../Engine/Plugins/Media/WmfMedia/Binaries/Win64/UE4Editor-WmfMediaFactory.dll (API version 3709383).
LogModuleManager: Display: Found up-to-date module file ../../../Engine/Plugins/Messaging/TcpMessaging/Binaries/Win64/UE4Editor-TcpMessaging.dll (API version 3709383).
LogModuleManager: Display: Found up-to-date module file ../../../Engine/Plugins/Messaging/UdpMessaging/Binaries/Win64/UE4Editor-UdpMessaging.dll (API version 3709383).
LogModuleManager: Display: Found up-to-date module file ../../../Engine/Plugins/MovieScene/ActorSequence/Binaries/Win64/UE4Editor-ActorSequence.dll (API version 3709383).
LogModuleManager: Display: Found up-to-date module file ../../../Engine/Plugins/MovieScene/LevelSequenceEditor/Binaries/Win64/UE4Editor-LevelSequenceEditor.dll (API version 3709383).
LogModuleManager: Display: Found up-to-date module file ../../../Engine/Plugins/MovieScene/MatineeToLevelSequence/Binaries/Win64/UE4Editor-MatineeToLevelSequence.dll (API version 3709383).
LogModuleManager: Display: Found up-to-date module file ../../../Engine/Plugins/Online/OnlineSubsystem/Binaries/Win64/UE4Editor-OnlineSubsystem.dll (API version 3709383).
LogModuleManager: Display: Found up-to-date module file ../../../Engine/Plugins/Online/OnlineSubsystemNull/Binaries/Win64/UE4Editor-OnlineSubsystemNull.dll (API version 3709383).
LogModuleManager: Display: Found up-to-date module file ../../../Engine/Plugins/Online/OnlineSubsystemUtils/Binaries/Win64/UE4Editor-OnlineSubsystemUtils.dll (API version 3709383).
LogModuleManager: Display: Found up-to-date module file ../../../Engine/Plugins/Online/OnlineSubsystemUtils/Binaries/Win64/UE4Editor-OnlineBlueprintSupport.dll (API version 3709383).
LogModuleManager: Display: Found up-to-date module file ../../../Engine/Plugins/Runtime/AndroidDeviceProfileSelector/Binaries/Win64/UE4Editor-AndroidDeviceProfileSelector.dll (API version 3709383).
LogModuleManager: Display: Found up-to-date module file ../../../Engine/Plugins/Runtime/AndroidPermission/Binaries/Win64/UE4Editor-AndroidPermission.dll (API version 3709383).
LogModuleManager: Display: Found up-to-date module file ../../../Engine/Plugins/Runtime/AppleARKit/Binaries/Win64/UE4Editor-AppleARKit.dll (API version 3709383).
LogModuleManager: Display: Found up-to-date module file ../../../Engine/Plugins/Runtime/ArchVisCharacter/Binaries/Win64/UE4Editor-ArchVisCharacter.dll (API version 3709383).
LogModuleManager: Display: Found up-to-date module file ../../../Engine/Plugins/Runtime/CableComponent/Binaries/Win64/UE4Editor-CableComponent.dll (API version 3709383).
LogModuleManager: Display: Found up-to-date module file ../../../Engine/Plugins/Runtime/CustomMeshComponent/Binaries/Win64/UE4Editor-CustomMeshComponent.dll (API version 3709383).
LogModuleManager: Display: Found up-to-date module file ../../../Engine/Plugins/Runtime/ExampleDeviceProfileSelector/Binaries/Win64/UE4Editor-ExampleDeviceProfileSelector.dll (API version 3709383).
LogModuleManager: Display: Found up-to-date module file ../../../Engine/Plugins/Runtime/ImmediatePhysics/Binaries/Win64/UE4Editor-ImmediatePhysics.dll (API version 3709383).
LogModuleManager: Display: Found up-to-date module file ../../../Engine/Plugins/Runtime/ImmediatePhysics/Binaries/Win64/UE4Editor-ImmediatePhysicsEditor.dll (API version 3709383).
LogModuleManager: Display: Found up-to-date module file ../../../Engine/Plugins/Runtime/LocationServicesBPLibrary/Binaries/Win64/UE4Editor-LocationServicesBPLibrary.dll (API version 3709383).
LogModuleManager: Display: Found up-to-date module file ../../../Engine/Plugins/Runtime/MobilePatchingUtils/Binaries/Win64/UE4Editor-MobilePatchingUtils.dll (API version 3709383).
LogModuleManager: Display: Found up-to-date module file ../../../Engine/Plugins/Runtime/Oculus/OculusVR/Binaries/Win64/UE4Editor-OculusHMD.dll (API version 3709383).
LogModuleManager: Display: Found up-to-date module file ../../../Engine/Plugins/Runtime/Oculus/OculusVR/Binaries/Win64/UE4Editor-OculusInput.dll (API version 3709383).
LogModuleManager: Display: Found up-to-date module file ../../../Engine/Plugins/Runtime/Oculus/OculusVR/Binaries/Win64/UE4Editor-OculusEditor.dll (API version 3709383).
LogModuleManager: Display: Found up-to-date module file ../../../Engine/Plugins/Runtime/PhysXVehicles/Binaries/Win64/UE4Editor-PhysXVehicles.dll (API version 3709383).
LogModuleManager: Display: Found up-to-date module file ../../../Engine/Plugins/Runtime/PhysXVehicles/Binaries/Win64/UE4Editor-PhysXVehiclesEditor.dll (API version 3709383).
LogModuleManager: Display: Found up-to-date module file ../../../Engine/Plugins/Runtime/ProceduralMeshComponent/Binaries/Win64/UE4Editor-ProceduralMeshComponent.dll (API version 3709383).
LogModuleManager: Display: Found up-to-date module file ../../../Engine/Plugins/Runtime/ProceduralMeshComponent/Binaries/Win64/UE4Editor-ProceduralMeshComponentEditor.dll (API version 3709383).
LogModuleManager: Display: Found up-to-date module file ../../../Engine/Plugins/Runtime/RuntimePhysXCooking/Binaries/Win64/UE4Editor-RuntimePhysXCooking.dll (API version 3709383).
LogModuleManager: Display: Found up-to-date module file ../../../Engine/Plugins/Runtime/Steam/SteamVR/Binaries/Win64/UE4Editor-SteamVR.dll (API version 3709383).
LogModuleManager: Display: Found up-to-date module file ../../../Engine/Plugins/Runtime/Steam/SteamVR/Binaries/Win64/UE4Editor-SteamVRController.dll (API version 3709383).
LogModuleManager: Display: Found up-to-date module file ../../../Engine/Plugins/Runtime/WindowsMoviePlayer/Binaries/Win64/UE4Editor-WindowsMoviePlayer.dll (API version 3709383).
LogInit: Using libcurl 7.47.1
LogInit:  - built for x86_64-pc-win32
LogInit:  - supports SSL with OpenSSL/1.0.2g
LogInit:  - supports HTTP deflate (compression) using libz 1.2.8
LogInit:  - other features:
LogInit:      CURL_VERSION_SSL
LogInit:      CURL_VERSION_LIBZ
LogInit:      CURL_VERSION_IPV6
LogInit:      CURL_VERSION_ASYNCHDNS
LogInit:      CURL_VERSION_LARGEFILE
LogInit:      CURL_VERSION_IDN
LogInit:  CurlRequestOptions (configurable via config and command line):
LogInit:  - bVerifyPeer = false  - Libcurl will NOT verify peer certificate
LogInit:  - bUseHttpProxy = false  - Libcurl will NOT use HTTP proxy
LogInit:  - bDontReuseConnections = false  - Libcurl will reuse connections
LogInit:  - CertBundlePath = nullptr  - Libcurl will use whatever was configured at build time.
LogInit: Build: ++UE4+Release-4.18-CL-3832480
LogInit: Engine Version: 4.18.3-3832480+++UE4+Release-4.18
LogInit: Compatible Engine Version: 4.18.0-3709383+++UE4+Release-4.18
LogInit: Net CL: 3709383
LogDevObjectVersion: Number of dev versions registered: 16
LogDevObjectVersion:   Dev-Blueprints (B0D832E4-1F89-4F0D-ACCF-7EB736FD4AA2): 10
LogDevObjectVersion:   Dev-Build (E1C64328-A22C-4D53-A36C-8E866417BD8C): 0
LogDevObjectVersion:   Dev-Core (375EC13C-06E4-48FB-B500-84F0262A717E): 2
LogDevObjectVersion:   Dev-Editor (E4B068ED-F494-42E9-A231-DA0B2E46BB41): 20
LogDevObjectVersion:   Dev-Framework (CFFC743F-43B0-4480-9391-14DF171D2073): 30
LogDevObjectVersion:   Dev-Mobile (B02B49B5-BB20-44E9-A304-32B752E40360): 0
LogDevObjectVersion:   Dev-Networking (A4E4105C-59A1-49B5-A7C5-40C4547EDFEE): 0
LogDevObjectVersion:   Dev-Online (39C831C9-5AE6-47DC-9A44-9C173E1C8E7C): 0
LogDevObjectVersion:   Dev-Physics (78F01B33-EBEA-4F98-B9B4-84EACCB95AA2): 0
LogDevObjectVersion:   Dev-Platform (6631380F-2D4D-43E0-8009-CF276956A95A): 0
LogDevObjectVersion:   Dev-Rendering (12F88B9F-8875-4AFC-A67C-D90C383ABD29): 20
LogDevObjectVersion:   Dev-Sequencer (7B5AE74C-D270-4C10-A958-57980B212A5A): 4
LogDevObjectVersion:   Dev-VR (D7296918-1DD6-4BDD-9DE2-64A83CC13884): 0
LogDevObjectVersion:   Dev-LoadTimes (C2A15278-BFE7-4AFE-6C17-90FF531DF755): 1
LogDevObjectVersion:   Private-Geometry (6EACA3D4-40EC-4CC1-B786-8BED09428FC5): 1
LogDevObjectVersion:   Dev-AnimPhys (29E575DD-E0A3-4627-9D10-D276232CDCEA): 12
LogInit: Compiled (64-bit): Jan 12 2018 02:04:55
LogInit: Compiled with Visual C++: 19.00.24215.01
LogInit: Build Configuration: Development
LogInit: Branch Name: ++UE4+Release-4.18
LogInit: Command line:  
LogInit: Base directory: C:/Program Files/Epic Games/UE_4.18/Engine/Binaries/Win64/
LogInit: Installed Engine Build: 1
LogInit: Presizing for max 8388607 objects, including 0 objects not considered by GC, pre-allocating 0 bytes for permanent pool.
LogInit: Object subsystem initialized
[2018.03.07-05.30.17:515][  0]LogInit: Selected Device Profile: [Windows]
[2018.03.07-05.30.17:515][  0]LogInit: Applying CVar settings loaded from the selected device profile: [Windows]
[2018.03.07-05.30.17:551][  0]LogInit: Computer: DESKTOP-R2O3JEB
[2018.03.07-05.30.17:551][  0]LogInit: User: amarz
[2018.03.07-05.30.17:551][  0]LogInit: CPU Page size=4096, Cores=4
[2018.03.07-05.30.17:551][  0]LogInit: High frequency timer resolution =2.742190 MHz
[2018.03.07-05.30.17:551][  0]LogMemory: Memory total: Physical=31.9GB (32GB approx)
[2018.03.07-05.30.17:551][  0]LogMemory: Platform Memory Stats for Windows
[2018.03.07-05.30.17:551][  0]LogMemory: Process Physical Memory: 275.24 MB used, 275.24 MB peak
[2018.03.07-05.30.17:551][  0]LogMemory: Process Virtual Memory: 270.16 MB used, 270.16 MB peak
[2018.03.07-05.30.17:552][  0]LogMemory: Physical Memory: 13953.82 MB used,  18687.16 MB free, 32640.98 MB total
[2018.03.07-05.30.17:552][  0]LogMemory: Virtual Memory: 683.02 MB used,  18687.16 MB free, 134217728.00 MB total
[2018.03.07-05.30.18:478][  0]LogInit: Using OS detected language (en-US).
[2018.03.07-05.30.18:478][  0]LogInit: Using OS detected locale (en-US).
[2018.03.07-05.30.18:538][  0]LogTextLocalizationManager: No specific localization for 'en-US' exists, so the 'en' localization will be used.
[2018.03.07-05.30.19:064][  0]LogInit: Setting process to per monitor DPI aware
[2018.03.07-05.30.21:346][  0]LogD3D11RHI: D3D11 adapters:
[2018.03.07-05.30.21:405][  0]LogD3D11RHI:    0. 'NVIDIA GeForce GTX 1070' (Feature Level 11_0)
[2018.03.07-05.30.21:405][  0]LogD3D11RHI:       8081/0/16320 MB DedicatedVideo/DedicatedSystem/SharedSystem, Outputs:1, VendorId:0x10de
[2018.03.07-05.30.21:430][  0]LogD3D11RHI:    1. 'Intel(R) HD Graphics 630' (Feature Level 11_0)
[2018.03.07-05.30.21:430][  0]LogD3D11RHI:       128/0/16320 MB DedicatedVideo/DedicatedSystem/SharedSystem, Outputs:0, VendorId:0x8086
[2018.03.07-05.30.21:432][  0]LogD3D11RHI:    2. 'Microsoft Basic Render Driver' (Feature Level 11_0)
[2018.03.07-05.30.21:432][  0]LogD3D11RHI:       0/0/16320 MB DedicatedVideo/DedicatedSystem/SharedSystem, Outputs:0, VendorId:0x1414
[2018.03.07-05.30.21:432][  0]LogD3D11RHI: Chosen D3D11 Adapter: 0
[2018.03.07-05.30.21:449][  0]LogD3D11RHI: Creating new Direct3DDevice
[2018.03.07-05.30.21:449][  0]LogD3D11RHI:     GPU DeviceId: 0x1be1 (for the marketing name, search the web for "GPU Device Id")
[2018.03.07-05.30.21:449][  0]LogWindows: EnumDisplayDevices:
[2018.03.07-05.30.21:449][  0]LogWindows:    0. 'NVIDIA GeForce GTX 1070' (P:1 D:1)
[2018.03.07-05.30.21:450][  0]LogWindows:    1. 'NVIDIA GeForce GTX 1070' (P:0 D:0)
[2018.03.07-05.30.21:450][  0]LogWindows:    2. 'NVIDIA GeForce GTX 1070' (P:0 D:0)
[2018.03.07-05.30.21:450][  0]LogWindows:    3. 'NVIDIA GeForce GTX 1070' (P:0 D:0)
[2018.03.07-05.30.21:450][  0]LogWindows:    4. 'Intel(R) HD Graphics 630' (P:0 D:0)
[2018.03.07-05.30.21:450][  0]LogWindows:    5. 'Intel(R) HD Graphics 630' (P:0 D:0)
[2018.03.07-05.30.21:450][  0]LogWindows:    6. 'Intel(R) HD Graphics 630' (P:0 D:0)
[2018.03.07-05.30.21:450][  0]LogWindows: DebugString: GetVideoDriverDetailsInvalid PrimaryIsNotTheChoosenAdapter GetVideoDriverDetailsInvalid PrimaryIsNotTheChoosenAdapter GetVideoDriverDetailsInvalid PrimaryIsNotTheChoosenAdapter GetVideoDriverDetailsInvalid PrimaryIsNotTheChoosenAdapter GetVideoDriverDetailsInvalid PrimaryIsNotTheChoosenAdapter GetVideoDriverDetailsInvalid PrimaryIsNotTheChoosenAdapter GetVideoDriverDetailsInvalid PrimaryIsNotTheChoosenAdapter FoundDriverCount:0 
[2018.03.07-05.30.21:450][  0]LogD3D11RHI:     Adapter Name: NVIDIA GeForce GTX 1070
[2018.03.07-05.30.21:450][  0]LogD3D11RHI:   Driver Version: Unknown (internal:Unknown, unified:Unknown)
[2018.03.07-05.30.21:450][  0]LogD3D11RHI:      Driver Date: Unknown
[2018.03.07-05.30.21:450][  0]LogRHI: Texture pool is 5656 MB (70% of 8081 MB)
[2018.03.07-05.30.21:486][  0]LogD3D11RHI: Async texture creation enabled
[2018.03.07-05.30.21:652][  0]LogD3D11RHI: GPU Timing Frequency: 1000.000000 (Debug: 2 2)
[2018.03.07-05.30.21:705][  0]LogShaderCompilers: Guid format shader working directory is 16 characters bigger than the processId version (D:/Projects/RoboGraph/RoboGraph/Intermediate/Shaders/WorkingDirectory/324/).
[2018.03.07-05.30.21:705][  0]LogShaderCompilers: Cleaned the shader compiler working directory 'C:/Users/amarz/AppData/Local/Temp/UnrealShaderWorkingDir/F7FE8CFE4CB323BB46960E84998127A3/'.
[2018.03.07-05.30.21:705][  0]LogShaderCompilers: Display: Using Local Shader Compiler.
[2018.03.07-05.30.23:975][  0]LogTemp: Display: Loaded TP AllDesktopTargetPlatform
[2018.03.07-05.30.24:029][  0]LogTemp: Display: Loaded TP MacClientTargetPlatform
[2018.03.07-05.30.24:081][  0]LogTemp: Display: Loaded TP MacNoEditorTargetPlatform
[2018.03.07-05.30.24:136][  0]LogTemp: Display: Loaded TP MacServerTargetPlatform
[2018.03.07-05.30.24:205][  0]LogTemp: Display: Loaded TP MacTargetPlatform
[2018.03.07-05.30.24:269][  0]LogTemp: Display: Loaded TP WindowsClientTargetPlatform
[2018.03.07-05.30.24:327][  0]LogTemp: Display: Loaded TP WindowsNoEditorTargetPlatform
[2018.03.07-05.30.24:382][  0]LogTemp: Display: Loaded TP WindowsServerTargetPlatform
[2018.03.07-05.30.24:431][  0]LogTemp: Display: Loaded TP WindowsTargetPlatform
[2018.03.07-05.30.24:486][  0]LogTemp: Display: Loaded TP Android_ASTCTargetPlatform
[2018.03.07-05.30.24:556][  0]LogTemp: Display: Loaded TP Android_ATCTargetPlatform
[2018.03.07-05.30.24:613][  0]LogTemp: Display: Loaded TP Android_DXTTargetPlatform
[2018.03.07-05.30.24:676][  0]LogTemp: Display: Loaded TP Android_ETC1TargetPlatform
[2018.03.07-05.30.24:737][  0]LogTemp: Display: Loaded TP Android_ETC2TargetPlatform
[2018.03.07-05.30.24:860][  0]LogTemp: Display: Loaded TP Android_MultiTargetPlatform
[2018.03.07-05.30.24:860][  0]LogTemp: Display: Loaded TP Android_PVRTCTargetPlatform
[2018.03.07-05.30.24:927][  0]LogTemp: Display: Loaded TP AndroidTargetPlatform
[2018.03.07-05.30.24:973][  0]LogTemp: Display: Loaded TP HTML5TargetPlatform
[2018.03.07-05.30.25:082][  0]LogTemp: Display: Loaded TP IOSTargetPlatform
[2018.03.07-05.30.25:110][  0]LogTemp: Display: Loaded TP TVOSTargetPlatform
[2018.03.07-05.30.25:165][  0]LogTemp: Display: Loaded TP LinuxClientTargetPlatform
[2018.03.07-05.30.25:222][  0]LogTemp: Display: Loaded TP LinuxNoEditorTargetPlatform
[2018.03.07-05.30.25:276][  0]LogTemp: Display: Loaded TP LinuxServerTargetPlatform
[2018.03.07-05.30.25:336][  0]LogTemp: Display: Loaded TP LinuxTargetPlatform
[2018.03.07-05.30.25:336][  0]LogTargetPlatformManager: Display: Building Assets For Windows
[2018.03.07-05.30.25:946][  0]LogDerivedDataCache: Display: Max Cache Size: 512 MB
[2018.03.07-05.30.26:290][  0]LogDerivedDataCache: Loaded boot cache 0.34s 79MB C:/Users/amarz/AppData/Local/UnrealEngine/4.18/DerivedDataCache/Boot.ddc.
[2018.03.07-05.30.26:290][  0]LogDerivedDataCache: Display: Loaded Boot cache: C:/Users/amarz/AppData/Local/UnrealEngine/4.18/DerivedDataCache/Boot.ddc
[2018.03.07-05.30.26:290][  0]LogDerivedDataCache: FDerivedDataBackendGraph:  Pak pak cache file D:/Projects/RoboGraph/RoboGraph/DerivedDataCache/DDC.ddp not found, will not use a pak cache.
[2018.03.07-05.30.26:290][  0]LogDerivedDataCache: Unable to find inner node Pak for hierarchical cache Hierarchy.
[2018.03.07-05.30.26:290][  0]LogDerivedDataCache: FDerivedDataBackendGraph:  CompressedPak pak cache file D:/Projects/RoboGraph/RoboGraph/DerivedDataCache/Compressed.ddp not found, will not use a pak cache.
[2018.03.07-05.30.26:290][  0]LogDerivedDataCache: Unable to find inner node CompressedPak for hierarchical cache Hierarchy.
[2018.03.07-05.30.26:319][  0]LogDerivedDataCache: Display: Pak cache opened for reading ../../../Engine/DerivedDataCache/Compressed.ddp.
[2018.03.07-05.30.26:332][  0]LogDerivedDataCache: Using Local data cache path C:/Users/amarz/AppData/Local/UnrealEngine/Common/DerivedDataCache: Writable
[2018.03.07-05.30.26:346][  0]LogMaterial: Verifying Global Shaders for PCD3D_SM5
[2018.03.07-05.30.26:350][  0]LogSlate: Using Freetype 2.6.0
[2018.03.07-05.30.26:370][  0]LogSlate: SlateFontCache - WITH_FREETYPE: 1, WITH_HARFBUZZ: 1
[2018.03.07-05.30.26:370][  0]LogSlate: SlateFontCache - WITH_FREETYPE: 1, WITH_HARFBUZZ: 1
[2018.03.07-05.30.27:352][  0]LogInit: Selected Device Profile: [Windows]
[2018.03.07-05.30.27:954][  0]LogSimplygon: Simplygon DLL not present - disabling.
[2018.03.07-05.30.28:006][  0]LogMeshReduction: Using SimplygonSwarm for distributed automatic mesh merging
[2018.03.07-05.30.28:006][  0]LogMeshReduction: Using QuadricMeshReduction for automatic static mesh reduction
[2018.03.07-05.30.28:006][  0]LogMeshReduction: No automatic skeletal mesh reduction module available
[2018.03.07-05.30.28:006][  0]LogMeshReduction: No automatic mesh merging module available
[2018.03.07-05.30.28:006][  0]LogMeshMerging: No automatic mesh merging module available
[2018.03.07-05.30.28:077][  0]LogNetVersion: RoboGraph , NetCL: 3709383, EngineNetVer: 2, GameNetVer: 0 (Checksum: 4195137420)
[2018.03.07-05.30.28:560][  0]LogAssetRegistry: FAssetRegistry took 0.0310 seconds to start up
[2018.03.07-05.30.29:800][  0]LogPackageLocalizationCache: Processed 7 localized package path(s) for 2 prioritized culture(s) in 0.080120 seconds
[2018.03.07-05.30.29:807][  0]LogUObjectArray: 35870 objects as part of root set at end of initial load.
[2018.03.07-05.30.29:807][  0]LogUObjectAllocator: 7363696 out of 0 bytes used by permanent object pool.
[2018.03.07-05.30.29:807][  0]LogUObjectArray: CloseDisregardForGC: 0/0 objects in disregard for GC pool
[2018.03.07-05.30.29:873][  0]LogInit: WinSock: version 1.1 (2.2), MaxSocks=32767, MaxUdp=65467
[2018.03.07-05.30.36:371][  0]LogTcpMessaging: Initializing TcpMessaging bridge
[2018.03.07-05.30.36:424][  0]LogUdpMessaging: Initializing bridge on interface 0.0.0.0:0 to multicast group 230.0.0.1:6666.
[2018.03.07-05.30.39:780][  0]LogMaterial: Uniform references updated for custom material expression Custom.
[2018.03.07-05.30.40:402][  0]SourceControl: Source control is disabled
[2018.03.07-05.30.40:403][  0]SourceControl: Source control is disabled
[2018.03.07-05.30.40:471][  0]SourceControl: Source control is disabled
[2018.03.07-05.30.40:538][  0]SourceControl: Source control is disabled
[2018.03.07-05.30.41:567][  0]LogAndroidPermission: UAndroidPermissionCallbackProxy::GetInstance
[2018.03.07-05.30.41:886][  0]LogOcInput: OculusInput pre-init called
[2018.03.07-05.30.42:249][  0]LogEngine: Initializing Engine...
[2018.03.07-05.30.42:255][  0]LogHMD: Failed to initialize OpenVR with code 110
[2018.03.07-05.30.42:673][  0]LogStats: UGameplayTagsManager::ConstructGameplayTagTree: Construct from data asset -  0.000 s
[2018.03.07-05.30.42:673][  0]LogStats: UGameplayTagsManager::ConstructGameplayTagTree: GameplayTagTreeChangedEvent.Broadcast -  0.000 s
[2018.03.07-05.30.42:845][  0]LogAIModule: Creating AISystem for world Untitled
[2018.03.07-05.30.42:876][  0]LogInit: XAudio2 using 'Speakers / Headphones (Realtek Audio)' : 6 channels at 48 kHz using 32 bits per sample (channel mask 0x3f)
[2018.03.07-05.30.42:934][  0]LogInit: FAudioDevice initialized.
[2018.03.07-05.30.42:999][  0]LogDerivedDataCache: Saved boot cache 0.06s 79MB C:/Users/amarz/AppData/Local/UnrealEngine/4.18/DerivedDataCache/Boot.ddc.
[2018.03.07-05.30.43:018][  0]LogInit: Texture streaming: Enabled
[2018.03.07-05.30.43:141][  0]LogEngineSessionManager: EngineSessionManager initialized
[2018.03.07-05.30.43:314][  0]LogInit: Transaction tracking system initialized
[2018.03.07-05.30.43:724][  0]BlueprintLog: New page: Editor Load
[2018.03.07-05.30.44:935][  0]LocalizationService: Localization service is disabled
[2018.03.07-05.30.45:929][  0]LogConsoleResponse: Display: 
[2018.03.07-05.30.46:566][  0]LogFileCache: Scanning file cache for directory 'D:/Projects/RoboGraph/RoboGraph/Content/' took 0.02s
[2018.03.07-05.30.46:566][  0]LogCook: Display: Max memory allowance for cook 16384mb min free memory 0mb
[2018.03.07-05.30.46:567][  0]LogCook: Display: Mobile HDR setting 1
[2018.03.07-05.30.46:567][  0]LogGameplayTags: Display: UGameplayTagsManager::DoneAddingNativeTags. DelegateIsBound: 0
[2018.03.07-05.30.48:113][  0]SourceControl: Source control is disabled
[2018.03.07-05.30.48:115][  0]Cmd: MAP LOAD FILE="D:/Projects/RoboGraph/RoboGraph/Content/ThirdPersonCPP/Maps/ThirdPersonExampleMap.umap" TEMPLATE=0 SHOWPROGRESS=1 FEATURELEVEL=3
[2018.03.07-05.30.48:256][  0]LightingResults: New page: Lighting Build
[2018.03.07-05.30.48:324][  0]MapCheck: New page: Map Check
[2018.03.07-05.30.48:324][  0]LightingResults: New page: Lighting Build
[2018.03.07-05.30.49:597][  0]LogAIModule: Creating AISystem for world ThirdPersonExampleMap
[2018.03.07-05.30.49:653][  0]LogEditorServer: Finished looking for orphan Actors (0.000 secs)
[2018.03.07-05.30.49:671][  0]Cmd: MAP CHECKDEP NOCLEARLOG
[2018.03.07-05.30.49:725][  0]MapCheck: Map check complete: 0 Error(s), 0 Warning(s), took 53.764ms to complete.
[2018.03.07-05.30.49:725][  0]LogFileHelpers: Loading map 'ThirdPersonExampleMap' took 1.611
[2018.03.07-05.30.49:996][  0]LogCollectionManager: Loaded 0 collections in 0.001731 seconds
[2018.03.07-05.30.50:102][  0]LogFileCache: Scanning file cache for directory 'D:/Projects/RoboGraph/RoboGraph/Saved/Collections/' took 0.01s
[2018.03.07-05.30.50:102][  0]LogFileCache: Scanning file cache for directory 'D:/Projects/RoboGraph/RoboGraph/Content/Developers/amarz/Collections/' took 0.01s
[2018.03.07-05.30.50:102][  0]LogFileCache: Scanning file cache for directory 'D:/Projects/RoboGraph/RoboGraph/Content/Collections/' took 0.01s
[2018.03.07-05.30.50:102][  0]LogCollectionManager: Rebuilt the GUID cache for 0 collections in 0.000000 seconds
[2018.03.07-05.30.50:115][  0]LogContentBrowser: Native class hierarchy populated in 0.0120 seconds. Added 2365 classes and 521 folders.
[2018.03.07-05.30.50:208][  0]LogContentBrowser: Native class hierarchy updated for 'WidgetCarousel' in 0.0006 seconds. Added 0 classes and 0 folders.
[2018.03.07-05.30.50:603][  0]LogContentBrowser: Native class hierarchy updated for 'AddContentDialog' in 0.0010 seconds. Added 0 classes and 0 folders.
[2018.03.07-05.30.50:675][  0]LogContentBrowser: Native class hierarchy updated for 'SceneOutliner' in 0.0007 seconds. Added 1 classes and 2 folders.
[2018.03.07-05.30.52:373][  0]LogSlate: Only BGRA pngs, bmps or icos are supported in by External Image Picker
[2018.03.07-05.30.52:417][  0]LogSlate: Took 0.006340 seconds to synchronously load lazily loaded font '../../../Engine/Content/Slate/Fonts/Roboto-Regular.ttf' (155K)
[2018.03.07-05.30.52:426][  0]LogSlate: Took 0.005766 seconds to synchronously load lazily loaded font '../../../Engine/Content/Slate/Fonts/Roboto-Bold.ttf' (160K)
[2018.03.07-05.30.52:442][  0]LogSlate: Took 0.006147 seconds to synchronously load lazily loaded font '../../../Engine/Content/Editor/Slate/Fonts/FontAwesome.ttf' (139K)
[2018.03.07-05.30.52:638][  0]LogTemp: Executing iPhonePackager certificates Engine -bundlename com.YourCompany.RoboGraph
[2018.03.07-05.30.52:638][  0]LogTemp: CWD: C:\Program Files\Epic Games\UE_4.18\Engine\Binaries\DotNET\IOS
[2018.03.07-05.30.52:638][  0]LogTemp: Initial Dir: C:\Program Files\Epic Games\UE_4.18
[2018.03.07-05.30.52:638][  0]LogTemp: Env CWD: C:\Program Files\Epic Games\UE_4.18\Engine\Binaries\DotNET\IOS
[2018.03.07-05.30.52:638][  0]LogTemp: BranchPath = DESKTOP-R2O3JEB/C/Program Files/Epic Games/UE_4.18/Engine/Binaries --- GameBranchPath = DESKTOP-R2O3JEB/C/Program Files/Epic Games/UE_4.18/Engine/Binaries
[2018.03.07-05.30.52:638][  0]LogTemp: IPP ERROR: Could not find provision directory 'C:\Users\amarz\AppData\Local/Apple Computer/MobileDevice/Provisioning Profiles/'.
[2018.03.07-05.30.52:638][  0]LogRenderer: Reallocating scene render targets to support 1024x556 Format 10 NumSamples 1 (Frame:1).
[2018.03.07-05.30.52:716][  0]LogSlate: Took 0.003801 seconds to synchronously load lazily loaded font '../../../Engine/Content/Slate/Fonts/Roboto-Light.ttf' (159K)
[2018.03.07-05.30.52:892][  0]LogContentBrowser: Native class hierarchy updated for 'HierarchicalLODOutliner' in 0.0007 seconds. Added 1 classes and 2 folders.
[2018.03.07-05.30.52:892][  0]LogLoad: (Engine Initialization) Total time: 40.48 seconds
[2018.03.07-05.30.52:892][  0]LogLoad: (Engine Initialization) Total Blueprint compile time: 0.00 seconds
[2018.03.07-05.30.52:893][  0]LogExternalProfiler: No external profilers were discovered.  External profiling features will not be available.
[2018.03.07-05.30.52:938][  0]LogContentStreaming: Texture pool size now 1000 MB
[2018.03.07-05.30.53:006][  1]LogAssetRegistry: Asset discovery search completed in 24.4689 seconds
[2018.03.07-05.30.53:008][  1]LogCollectionManager: Rebuilt the object cache for 0 collections in 0.000000 seconds (found 0 objects)
[2018.03.07-05.30.53:008][  1]LogCollectionManager: Fixed up redirectors for 0 collections in 0.000077 seconds (updated 0 objects)
[2018.03.07-05.31.04:203][393]LogSlate: Took 0.000134 seconds to synchronously load lazily loaded font '../../../Engine/Content/Slate/Fonts/Roboto-Light.ttf' (159K)
[2018.03.07-05.31.25:867][530]LogVSAccessor: Warning: Couldn't goto line number '0' in 'D:/Projects/RoboGraph/RoboGraph/Source/RoboGraph/RoboGraphGameMode.h'
[2018.03.07-05.31.25:911][530]LogVSAccessor: Warning: Couldn't goto line number '0' in 'D:/Projects/RoboGraph/RoboGraph/Source/RoboGraph/RoboGraphGameMode.cpp'
[2018.03.07-05.36.24:038][981]LogWindowsTextInputMethodSystem: Display: IME system now deactivated.
[2018.03.07-05.36.24:340][982]Cmd: QUIT_EDITOR
[2018.03.07-05.36.24:391][982]LogExit: Preparing to exit.
[2018.03.07-05.36.25:586][982]LogExit: Editor shut down
[2018.03.07-05.36.25:590][982]LogExit: Transaction tracking system shut down
[2018.03.07-05.36.25:666][982]LogDirectoryWatcher: A directory notification for '../../../Engine/Content/' was aborted.
[2018.03.07-05.36.25:666][982]LogDirectoryWatcher: A directory notification for 'D:/Projects/RoboGraph/RoboGraph/Content/' was aborted.
[2018.03.07-05.36.25:666][982]LogDirectoryWatcher: A directory notification for '../../../Engine/Plugins/2D/Paper2D/Content/' was aborted.
[2018.03.07-05.36.25:666][982]LogDirectoryWatcher: A directory notification for '../../../Engine/Plugins/Media/MediaCompositing/Content/' was aborted.
[2018.03.07-05.36.25:666][982]LogDirectoryWatcher: A directory notification for '../../../Engine/Plugins/Runtime/AppleARKit/Content/' was aborted.
[2018.03.07-05.36.25:666][982]LogDirectoryWatcher: A directory notification for '../../../Engine/Plugins/Runtime/Oculus/OculusVR/Content/' was aborted.
[2018.03.07-05.36.25:666][982]LogDirectoryWatcher: A directory notification for '../../../Engine/Plugins/Runtime/Steam/SteamVR/Content/' was aborted.
[2018.03.07-05.36.25:787][982]LogExit: Object subsystem successfully closed.
[2018.03.07-05.36.25:821][982]LogD3D11RHI: Shutdown
[2018.03.07-05.36.25:821][982]LogD3D11RHI: CleanupD3DDevice
[2018.03.07-05.36.25:824][982]LogD3D11RHI: ~FD3D11DynamicRHI
[2018.03.07-05.36.25:855][982]LogModuleManager: Shutting down and abandoning module HierarchicalLODOutliner (552)
[2018.03.07-05.36.25:855][982]LogModuleManager: Shutting down and abandoning module ExternalImagePicker (550)
[2018.03.07-05.36.25:855][982]LogModuleManager: Shutting down and abandoning module DesktopPlatform (548)
[2018.03.07-05.36.25:856][982]LogModuleManager: Shutting down and abandoning module SceneOutliner (546)
[2018.03.07-05.36.25:856][982]LogModuleManager: Shutting down and abandoning module AddContentDialog (544)
[2018.03.07-05.36.25:857][982]LogDirectoryWatcher: A directory notification for 'C:/Program Files/Epic Games/UE_4.18/FeaturePacks/' was aborted.
[2018.03.07-05.36.25:858][982]LogModuleManager: Shutting down and abandoning module WidgetCarousel (543)
[2018.03.07-05.36.25:858][982]LogModuleManager: Shutting down and abandoning module EditorWidgets (540)
[2018.03.07-05.36.25:858][982]LogModuleManager: Shutting down and abandoning module CollectionManager (538)
[2018.03.07-05.36.25:859][982]LogDirectoryWatcher: A directory notification for 'D:/Projects/RoboGraph/RoboGraph/Content/Collections/' was aborted.
[2018.03.07-05.36.25:859][982]LogDirectoryWatcher: A directory notification for 'D:/Projects/RoboGraph/RoboGraph/Content/Developers/amarz/Collections/' was aborted.
[2018.03.07-05.36.25:859][982]LogDirectoryWatcher: A directory notification for 'D:/Projects/RoboGraph/RoboGraph/Saved/Collections/' was aborted.
[2018.03.07-05.36.25:859][982]LogModuleManager: Shutting down and abandoning module StatsViewer (536)
[2018.03.07-05.36.25:859][982]LogModuleManager: Shutting down and abandoning module FoliageEdit (534)
[2018.03.07-05.36.25:860][982]LogModuleManager: Shutting down and abandoning module LandscapeEditor (532)
[2018.03.07-05.36.25:861][982]LogModuleManager: Shutting down and abandoning module MeshPaintMode (530)
[2018.03.07-05.36.25:861][982]LogModuleManager: Shutting down and abandoning module SceneDepthPickerMode (528)
[2018.03.07-05.36.25:861][982]LogModuleManager: Shutting down and abandoning module ActorPickerMode (526)
[2018.03.07-05.36.25:861][982]LogModuleManager: Shutting down and abandoning module GeometryMode (524)
[2018.03.07-05.36.25:862][982]LogModuleManager: Shutting down and abandoning module TextureAlignMode (522)
[2018.03.07-05.36.25:862][982]LogModuleManager: Shutting down and abandoning module BspMode (520)
[2018.03.07-05.36.25:862][982]LogModuleManager: Shutting down and abandoning module PIEPreviewDeviceProfileSelector (518)
[2018.03.07-05.36.25:862][982]LogModuleManager: Shutting down and abandoning module HardwareSurvey (516)
[2018.03.07-05.36.25:862][982]LogModuleManager: Shutting down and abandoning module SequenceRecorderSections (514)
[2018.03.07-05.36.25:862][982]LogModuleManager: Shutting down and abandoning module AutomationWorker (512)
[2018.03.07-05.36.25:862][982]LogModuleManager: Shutting down and abandoning module MatineeToLevelSequence (510)
[2018.03.07-05.36.25:863][982]LogModuleManager: Shutting down and abandoning module LevelSequenceEditor (508)
[2018.03.07-05.36.25:865][982]LogModuleManager: Shutting down and abandoning module PlacementMode (507)
[2018.03.07-05.36.25:865][982]LogModuleManager: Shutting down and abandoning module WmfMediaFactory (504)
[2018.03.07-05.36.25:865][982]LogModuleManager: Shutting down and abandoning module WmfMediaEditor (502)
[2018.03.07-05.36.25:865][982]LogModuleManager: Shutting down and abandoning module OpenExrWrapper (500)
[2018.03.07-05.36.25:865][982]LogModuleManager: Shutting down and abandoning module ImgMediaFactory (498)
[2018.03.07-05.36.25:865][982]LogModuleManager: Shutting down and abandoning module ImgMediaEditor (496)
[2018.03.07-05.36.25:865][982]LogModuleManager: Shutting down and abandoning module AvfMediaFactory (494)
[2018.03.07-05.36.25:865][982]LogModuleManager: Shutting down and abandoning module AvfMediaEditor (492)
[2018.03.07-05.36.25:865][982]LogModuleManager: Shutting down and abandoning module AndroidMediaFactory (490)
[2018.03.07-05.36.25:865][982]LogModuleManager: Shutting down and abandoning module AndroidMediaEditor (488)
[2018.03.07-05.36.25:865][982]LogModuleManager: Shutting down and abandoning module CharacterAI (486)
[2018.03.07-05.36.25:865][982]LogModuleManager: Shutting down and abandoning module AudioCapture (484)
[2018.03.07-05.36.25:865][982]LogModuleManager: Shutting down and abandoning module SequenceRecorder (483)
[2018.03.07-05.36.25:866][982]LogModuleManager: Shutting down and abandoning module SmartSnapping (480)
[2018.03.07-05.36.25:866][982]LogModuleManager: Shutting down and abandoning module SessionServices (478)
[2018.03.07-05.36.25:866][982]LogModuleManager: Shutting down and abandoning module ViewportSnapping (476)
[2018.03.07-05.36.25:866][982]LogModuleManager: Shutting down and abandoning module ViewportInteraction (474)
[2018.03.07-05.36.25:866][982]LogModuleManager: Shutting down and abandoning module ClothPainter (472)
[2018.03.07-05.36.25:866][982]LogModuleManager: Shutting down and abandoning module SkeletalMeshEditor (471)
[2018.03.07-05.36.25:868][982]LogModuleManager: Shutting down and abandoning module LogVisualizer (468)
[2018.03.07-05.36.25:868][982]LogModuleManager: Shutting down and abandoning module IntroTutorials (466)
[2018.03.07-05.36.25:869][982]LogModuleManager: Shutting down and abandoning module GameProjectGeneration (465)
[2018.03.07-05.36.25:870][982]LogModuleManager: Shutting down and abandoning module IOSPlatformEditor (462)
[2018.03.07-05.36.25:870][982]LogModuleManager: Shutting down and abandoning module HTML5PlatformEditor (460)
[2018.03.07-05.36.25:870][982]LogModuleManager: Shutting down and abandoning module AndroidPlatformEditor (458)
[2018.03.07-05.36.25:870][982]LogModuleManager: Shutting down and abandoning module AndroidDeviceDetection (457)
[2018.03.07-05.36.26:051][982]LogModuleManager: Shutting down and abandoning module WindowsPlatformEditor (454)
[2018.03.07-05.36.26:051][982]LogModuleManager: Shutting down and abandoning module IOSRuntimeSettings (452)
[2018.03.07-05.36.26:051][982]LogModuleManager: Shutting down and abandoning module AndroidRuntimeSettings (450)
[2018.03.07-05.36.26:051][982]LogModuleManager: Shutting down and abandoning module InputBindingEditor (448)
[2018.03.07-05.36.26:075][982]LogModuleManager: Shutting down and abandoning module MergeActors (446)
[2018.03.07-05.36.26:075][982]LogModuleManager: Shutting down and abandoning module SizeMap (444)
[2018.03.07-05.36.26:075][982]LogModuleManager: Shutting down and abandoning module TreeMap (442)
[2018.03.07-05.36.26:076][982]LogModuleManager: Shutting down and abandoning module ReferenceViewer (440)
[2018.03.07-05.36.26:076][982]LogModuleManager: Shutting down and abandoning module LocalizationDashboard (438)
[2018.03.07-05.36.26:076][982]LogModuleManager: Shutting down and abandoning module LocalizationService (437)
[2018.03.07-05.36.26:076][982]LogModuleManager: Shutting down and abandoning module HardwareTargeting (434)
[2018.03.07-05.36.26:076][982]LogModuleManager: Shutting down and abandoning module DeviceProfileEditor (432)
[2018.03.07-05.36.26:076][982]LogModuleManager: Shutting down and abandoning module UndoHistory (430)
[2018.03.07-05.36.26:076][982]LogModuleManager: Shutting down and abandoning module XmlParser (428)
[2018.03.07-05.36.26:077][982]LogModuleManager: Shutting down and abandoning module Blutility (426)
[2018.03.07-05.36.26:077][982]LogModuleManager: Shutting down and abandoning module ProjectSettingsViewer (424)
[2018.03.07-05.36.26:077][982]LogModuleManager: Shutting down and abandoning module ProjectTargetPlatformEditor (423)
[2018.03.07-05.36.26:077][982]LogModuleManager: Shutting down and abandoning module EditorSettingsViewer (420)
[2018.03.07-05.36.26:077][982]LogModuleManager: Shutting down and abandoning module SettingsEditor (418)
[2018.03.07-05.36.26:077][982]LogModuleManager: Shutting down and abandoning module ProjectLauncher (416)
[2018.03.07-05.36.26:077][982]LogModuleManager: Shutting down and abandoning module SessionFrontend (414)
[2018.03.07-05.36.26:078][982]LogModuleManager: Shutting down and abandoning module ProfilerClient (412)
[2018.03.07-05.36.26:078][982]LogModuleManager: Shutting down and abandoning module DeviceManager (410)
[2018.03.07-05.36.26:078][982]LogModuleManager: Shutting down and abandoning module TargetDeviceServices (409)
[2018.03.07-05.36.26:155][982]LogModuleManager: Shutting down and abandoning module AutomationController (406)
[2018.03.07-05.36.26:156][982]LogModuleManager: Shutting down and abandoning module AutomationWindow (404)
[2018.03.07-05.36.26:157][982]LogModuleManager: Shutting down and abandoning module Layers (402)
[2018.03.07-05.36.26:158][982]LogModuleManager: Shutting down and abandoning module ComponentVisualizers (400)
[2018.03.07-05.36.26:158][982]LogModuleManager: Shutting down and abandoning module DetailCustomizations (398)
[2018.03.07-05.36.26:158][982]LogModuleManager: Shutting down and abandoning module PackagesDialog (396)
[2018.03.07-05.36.26:159][982]LogModuleManager: Shutting down and abandoning module Persona (394)
[2018.03.07-05.36.26:160][982]LogModuleManager: Shutting down and abandoning module AdvancedPreviewScene (393)
[2018.03.07-05.36.26:160][982]LogModuleManager: Shutting down and abandoning module AnimGraph (391)
[2018.03.07-05.36.26:160][982]LogModuleManager: Shutting down and abandoning module Kismet (388)
[2018.03.07-05.36.26:161][982]LogModuleManager: Shutting down and abandoning module ClassViewer (386)
[2018.03.07-05.36.26:161][982]LogModuleManager: Shutting down and abandoning module Toolbox (384)
[2018.03.07-05.36.26:161][982]LogModuleManager: Shutting down and abandoning module ModuleUI (382)
[2018.03.07-05.36.26:162][982]LogModuleManager: Shutting down and abandoning module MovieSceneTools (380)
[2018.03.07-05.36.26:162][982]LogModuleManager: Shutting down and abandoning module OutputLog (378)
[2018.03.07-05.36.26:162][982]LogModuleManager: Shutting down and abandoning module GammaUI (376)
[2018.03.07-05.36.26:163][982]LogModuleManager: Shutting down and abandoning module Documentation (374)
[2018.03.07-05.36.26:163][982]LogModuleManager: Shutting down and abandoning module MovieSceneTracks (372)
[2018.03.07-05.36.26:163][982]LogModuleManager: Shutting down and abandoning module MovieScene (370)
[2018.03.07-05.36.26:163][982]LogModuleManager: Shutting down and abandoning module StreamingPauseRendering (368)
[2018.03.07-05.36.26:163][982]LogModuleManager: Shutting down and abandoning module LauncherPlatform (366)
[2018.03.07-05.36.26:163][982]LogModuleManager: Shutting down and abandoning module AnalyticsET (364)
[2018.03.07-05.36.26:163][982]LogModuleManager: Shutting down and abandoning module PortalServices (362)
[2018.03.07-05.36.26:163][982]LogModuleManager: Shutting down and abandoning module PortalRpc (360)
[2018.03.07-05.36.26:163][982]LogModuleManager: Shutting down and abandoning module MessagingRpc (358)
[2018.03.07-05.36.26:163][982]LogModuleManager: Shutting down and abandoning module AIModule (356)
[2018.03.07-05.36.26:163][982]LogModuleManager: Shutting down and abandoning module GameplayDebugger (355)
[2018.03.07-05.36.26:164][982]LogModuleManager: Shutting down and abandoning module AITestSuite (353)
[2018.03.07-05.36.26:164][982]LogModuleManager: Shutting down and abandoning module ProfilerService (350)
[2018.03.07-05.36.26:197][982]LogModuleManager: Shutting down and abandoning module TaskGraph (348)
[2018.03.07-05.36.26:198][982]LogModuleManager: Shutting down and abandoning module SteamVRController (346)
[2018.03.07-05.36.26:198][982]LogModuleManager: Shutting down and abandoning module ProceduralMeshComponentEditor (344)
[2018.03.07-05.36.26:198][982]LogModuleManager: Shutting down and abandoning module ProceduralMeshComponent (342)
[2018.03.07-05.36.26:198][982]LogModuleManager: Shutting down and abandoning module OculusInput (340)
[2018.03.07-05.36.26:199][982]LogModuleManager: Shutting down and abandoning module MobilePatchingUtils (338)
[2018.03.07-05.36.26:199][982]LogModuleManager: Shutting down and abandoning module CustomMeshComponent (336)
[2018.03.07-05.36.26:199][982]LogModuleManager: Shutting down and abandoning module CableComponent (334)
[2018.03.07-05.36.26:199][982]LogModuleManager: Shutting down and abandoning module ArchVisCharacter (332)
[2018.03.07-05.36.26:199][982]LogModuleManager: Shutting down and abandoning module AndroidPermission (330)
[2018.03.07-05.36.26:199][982]LogModuleManager: Shutting down and abandoning module ActorSequence (326)
[2018.03.07-05.36.26:199][982]LogModuleManager: Shutting down and abandoning module MediaPlayerEditor (324)
[2018.03.07-05.36.26:201][982]LogModuleManager: Shutting down and abandoning module MediaCompositingEditor (322)
[2018.03.07-05.36.26:201][982]LogModuleManager: Shutting down and abandoning module MediaCompositing (320)
[2018.03.07-05.36.26:201][982]LogModuleManager: Shutting down and abandoning module HTML5Networking (318)
[2018.03.07-05.36.26:201][982]LogModuleManager: Shutting down and abandoning module AlembicImporter (316)
[2018.03.07-05.36.26:201][982]LogModuleManager: Shutting down and abandoning module AlembicLibrary (315)
[2018.03.07-05.36.26:201][982]LogModuleManager: Shutting down and abandoning module GeometryCache (314)
[2018.03.07-05.36.26:201][982]LogModuleManager: Shutting down and abandoning module GeometryCacheEd (313)
[2018.03.07-05.36.26:201][982]LogModuleManager: Shutting down and abandoning module SpeedTreeImporter (308)
[2018.03.07-05.36.26:201][982]LogModuleManager: Shutting down and abandoning module PluginBrowser (306)
[2018.03.07-05.36.26:202][982]LogModuleManager: Shutting down and abandoning module MobileLauncherProfileWizard (304)
[2018.03.07-05.36.26:203][982]LogModuleManager: Shutting down and abandoning module VisualStudioSourceCodeAccess (302)
[2018.03.07-05.36.26:203][982]LogModuleManager: Shutting down and abandoning module VisualStudioCodeSourceCodeAccess (300)
[2018.03.07-05.36.26:203][982]LogModuleManager: Shutting down and abandoning module UObjectPlugin (298)
[2018.03.07-05.36.26:203][982]LogModuleManager: Shutting down and abandoning module SubversionSourceControl (296)
[2018.03.07-05.36.26:204][982]LogModuleManager: Shutting down and abandoning module PerforceSourceControl (294)
[2018.03.07-05.36.26:204][982]LogModuleManager: Shutting down and abandoning module GitSourceControl (292)
[2018.03.07-05.36.26:205][982]LogModuleManager: Shutting down and abandoning module SourceControl (291)
[2018.03.07-05.36.26:206][982]LogModuleManager: Shutting down and abandoning module LightPropagationVolumeEditor (288)
[2018.03.07-05.36.26:206][982]LogModuleManager: Shutting down and abandoning module PaperTiledImporter (286)
[2018.03.07-05.36.26:206][982]LogModuleManager: Shutting down and abandoning module PaperSpriteSheetImporter (284)
[2018.03.07-05.36.26:206][982]LogModuleManager: Shutting down and abandoning module Paper2DEditor (282)
[2018.03.07-05.36.26:206][982]LogModuleManager: Shutting down and abandoning module MeshPaint (281)
[2018.03.07-05.36.26:207][982]LogModuleManager: Shutting down and abandoning module LevelEditor (279)
[2018.03.07-05.36.26:208][982]LogModuleManager: Shutting down and abandoning module PixelInspectorModule (278)
[2018.03.07-05.36.26:208][982]LogModuleManager: Shutting down and abandoning module MainFrame (276)
[2018.03.07-05.36.26:209][982]LogModuleManager: Shutting down and abandoning module HotReload (275)
[2018.03.07-05.36.26:209][982]LogDirectoryWatcher: A directory notification for 'D:/Projects/RoboGraph/RoboGraph/Binaries/Win64' was aborted.
[2018.03.07-05.36.26:210][982]LogModuleManager: Shutting down and abandoning module RoboGraph (270)
[2018.03.07-05.36.26:210][982]LogModuleManager: Shutting down and abandoning module RuntimePhysXCooking (268)
[2018.03.07-05.36.26:210][982]LogModuleManager: Shutting down and abandoning module PhysXVehiclesEditor (266)
[2018.03.07-05.36.26:210][982]LogModuleManager: Shutting down and abandoning module PhysXVehicles (264)
[2018.03.07-05.36.26:210][982]LogModuleManager: Shutting down and abandoning module OculusEditor (262)
[2018.03.07-05.36.26:210][982]LogModuleManager: Shutting down and abandoning module LocationServicesBPLibrary (260)
[2018.03.07-05.36.26:210][982]LogModuleManager: Shutting down and abandoning module ImmediatePhysicsEditor (258)
[2018.03.07-05.36.26:210][982]LogModuleManager: Shutting down and abandoning module ImmediatePhysics (256)
[2018.03.07-05.36.26:210][982]LogModuleManager: Shutting down and abandoning module UdpMessaging (254)
[2018.03.07-05.36.26:312][982]LogModuleManager: Shutting down and abandoning module TcpMessaging (252)
[2018.03.07-05.36.26:459][982]LogModuleManager: Shutting down and abandoning module GameplayTagsEditor (250)
[2018.03.07-05.36.26:482][982]LogModuleManager: Shutting down and abandoning module FacialAnimationEditor (248)
[2018.03.07-05.36.26:483][982]LogModuleManager: Shutting down and abandoning module FacialAnimation (246)
[2018.03.07-05.36.26:483][982]LogModuleManager: Shutting down and abandoning module AssetManagerEditor (244)
[2018.03.07-05.36.26:483][982]LogModuleManager: Shutting down and abandoning module GraphEditor (243)
[2018.03.07-05.36.26:485][982]LogModuleManager: Shutting down and abandoning module ContentBrowser (241)
[2018.03.07-05.36.26:486][982]LogModuleManager: Shutting down and abandoning module LightPropagationVolumeRuntime (238)
[2018.03.07-05.36.26:486][982]LogModuleManager: Shutting down and abandoning module Paper2D (236)
[2018.03.07-05.36.26:486][982]LogModuleManager: Shutting down and abandoning module WindowsMoviePlayer (234)
[2018.03.07-05.36.26:486][982]LogModuleManager: Shutting down and abandoning module WmfMedia (232)
[2018.03.07-05.36.26:490][982]LogModuleManager: Shutting down and abandoning module ImgMedia (230)
[2018.03.07-05.36.26:490][982]LogModuleManager: Shutting down and abandoning module PacketHandler (228)
[2018.03.07-05.36.26:490][982]LogModuleManager: Shutting down and abandoning module ClothingSystemEditor (226)
[2018.03.07-05.36.26:490][982]LogModuleManager: Shutting down and abandoning module ClothingSystemRuntime (224)
[2018.03.07-05.36.26:491][982]LogModuleManager: Shutting down and abandoning module MediaAssets (222)
[2018.03.07-05.36.26:491][982]LogModuleManager: Shutting down and abandoning module Media (221)
[2018.03.07-05.36.26:497][982]LogModuleManager: Shutting down and abandoning module Overlay (218)
[2018.03.07-05.36.26:497][982]LogModuleManager: Shutting down and abandoning module OverlayEditor (217)
[2018.03.07-05.36.26:497][982]LogModuleManager: Shutting down and abandoning module VREditor (214)
[2018.03.07-05.36.26:498][982]LogModuleManager: Shutting down and abandoning module StringTableEditor (212)
[2018.03.07-05.36.26:498][982]LogModuleManager: Shutting down and abandoning module GameplayTasksEditor (210)
[2018.03.07-05.36.26:499][982]LogModuleManager: Shutting down and abandoning module BehaviorTreeEditor (208)
[2018.03.07-05.36.26:500][982]LogModuleManager: Shutting down and abandoning module FunctionalTesting (206)
[2018.03.07-05.36.26:501][982]LogModuleManager: Shutting down and abandoning module CollisionAnalyzer (204)
[2018.03.07-05.36.26:501][982]LogModuleManager: Shutting down and abandoning module WorkspaceMenuStructure (203)
[2018.03.07-05.36.26:501][982]LogModuleManager: Shutting down and abandoning module UMG (200)
[2018.03.07-05.36.26:502][982]LogModuleManager: Shutting down and abandoning module UMGEditor (199)
[2018.03.07-05.36.26:503][982]LogModuleManager: Shutting down and abandoning module Sequencer (198)
[2018.03.07-05.36.26:504][982]LogModuleManager: Shutting down and abandoning module MessageLog (195)
[2018.03.07-05.36.26:504][982]LogModuleManager: Shutting down and abandoning module SlateReflector (190)
[2018.03.07-05.36.26:506][982]LogModuleManager: Shutting down and abandoning module Slate (188)
[2018.03.07-05.36.26:506][982]LogModuleManager: Shutting down and abandoning module EditorStyle (186)
[2018.03.07-05.36.26:509][982]LogModuleManager: Shutting down and abandoning module MRMesh (184)
[2018.03.07-05.36.26:509][982]LogModuleManager: Shutting down and abandoning module SourceCodeAccess (182)
[2018.03.07-05.36.26:509][982]LogModuleManager: Shutting down and abandoning module HeadMountedDisplay (180)
[2018.03.07-05.36.26:509][982]LogModuleManager: Shutting down and abandoning module XAudio2 (178)
[2018.03.07-05.36.26:509][982]LogModuleManager: Shutting down and abandoning module Networking (176)
[2018.03.07-05.36.26:509][982]LogModuleManager: Shutting down and abandoning module Core (172)
[2018.03.07-05.36.26:509][982]LogModuleManager: Shutting down and abandoning module LevelSequence (168)
[2018.03.07-05.36.26:510][982]LogModuleManager: Shutting down and abandoning module DirectoryWatcher (166)
[2018.03.07-05.36.26:510][982]LogModuleManager: Shutting down and abandoning module KismetCompiler (164)
[2018.03.07-05.36.26:511][982]LogModuleManager: Shutting down and abandoning module MeshUtilities (162)
[2018.03.07-05.36.26:512][982]LogModuleManager: Shutting down and abandoning module MeshMergeUtilities (161)
[2018.03.07-05.36.26:512][982]LogModuleManager: Shutting down and abandoning module MeshReductionInterface (160)
[2018.03.07-05.36.26:512][982]LogModuleManager: Shutting down and abandoning module SimplygonSwarm (159)
[2018.03.07-05.36.26:512][982]LogModuleManager: Shutting down and abandoning module SimplygonMeshReduction (157)
[2018.03.07-05.36.26:513][982]LogModuleManager: Shutting down and abandoning module QuadricMeshReduction (155)
[2018.03.07-05.36.26:513][982]LogModuleManager: Shutting down and abandoning module MaterialBaking (151)
[2018.03.07-05.36.26:513][982]LogModuleManager: Shutting down and abandoning module DerivedDataCache (148)
[2018.03.07-05.36.26:615][982]LogDerivedDataCache: Shutdown
[2018.03.07-05.36.26:615][982]LogModuleManager: Shutting down and abandoning module TargetPlatform (146)
[2018.03.07-05.36.26:615][982]LogModuleManager: Shutting down and abandoning module VulkanShaderFormat (145)
[2018.03.07-05.36.26:615][982]LogModuleManager: Shutting down and abandoning module ShaderFormatVectorVM (143)
[2018.03.07-05.36.26:615][982]LogModuleManager: Shutting down and abandoning module ShaderFormatOpenGL (141)
[2018.03.07-05.36.26:616][982]LogModuleManager: Shutting down and abandoning module ShaderFormatD3D (139)
[2018.03.07-05.36.26:616][982]LogModuleManager: Shutting down and abandoning module MetalShaderFormat (137)
[2018.03.07-05.36.26:616][982]LogModuleManager: Shutting down and abandoning module TextureFormatUncompressed (135)
[2018.03.07-05.36.26:616][982]LogModuleManager: Shutting down and abandoning module TextureFormatPVR (133)
[2018.03.07-05.36.26:617][982]LogModuleManager: Shutting down and abandoning module TextureFormatDXT (131)
[2018.03.07-05.36.26:617][982]LogModuleManager: Shutting down and abandoning module TextureFormatIntelISPCTexComp (129)
[2018.03.07-05.36.26:617][982]LogModuleManager: Shutting down and abandoning module TextureFormatASTC (127)
[2018.03.07-05.36.26:617][982]LogModuleManager: Shutting down and abandoning module ImageWrapper (126)
[2018.03.07-05.36.26:617][982]LogModuleManager: Shutting down and abandoning module TextureFormatAndroid (123)
[2018.03.07-05.36.26:617][982]LogModuleManager: Shutting down and abandoning module AudioFormatOpus (121)
[2018.03.07-05.36.26:617][982]LogModuleManager: Shutting down and abandoning module AudioFormatOgg (119)
[2018.03.07-05.36.26:617][982]LogModuleManager: Shutting down and abandoning module AudioFormatADPCM (117)
[2018.03.07-05.36.26:617][982]LogModuleManager: Shutting down and abandoning module LinuxTargetPlatform (115)
[2018.03.07-05.36.26:617][982]LogModuleManager: Shutting down and abandoning module LinuxServerTargetPlatform (113)
[2018.03.07-05.36.26:617][982]LogModuleManager: Shutting down and abandoning module LinuxNoEditorTargetPlatform (111)
[2018.03.07-05.36.26:617][982]LogModuleManager: Shutting down and abandoning module LinuxClientTargetPlatform (109)
[2018.03.07-05.36.26:617][982]LogModuleManager: Shutting down and abandoning module TVOSTargetPlatform (107)
[2018.03.07-05.36.26:617][982]LogModuleManager: Shutting down and abandoning module Messaging (105)
[2018.03.07-05.36.26:617][982]LogModuleManager: Shutting down and abandoning module IOSTargetPlatform (103)
[2018.03.07-05.36.26:617][982]LogModuleManager: Shutting down and abandoning module HTML5TargetPlatform (101)
[2018.03.07-05.36.26:617][982]LogModuleManager: Shutting down and abandoning module AndroidTargetPlatform (99)
[2018.03.07-05.36.26:617][982]LogModuleManager: Shutting down and abandoning module Android_PVRTCTargetPlatform (97)
[2018.03.07-05.36.26:617][982]LogModuleManager: Shutting down and abandoning module Android_MultiTargetPlatform (95)
[2018.03.07-05.36.26:618][982]LogModuleManager: Shutting down and abandoning module Android_ETC2TargetPlatform (93)
[2018.03.07-05.36.26:618][982]LogModuleManager: Shutting down and abandoning module Android_ETC1TargetPlatform (91)
[2018.03.07-05.36.26:618][982]LogModuleManager: Shutting down and abandoning module Android_DXTTargetPlatform (89)
[2018.03.07-05.36.26:618][982]LogModuleManager: Shutting down and abandoning module Android_ATCTargetPlatform (87)
[2018.03.07-05.36.26:618][982]LogModuleManager: Shutting down and abandoning module Android_ASTCTargetPlatform (85)
[2018.03.07-05.36.26:618][982]LogModuleManager: Shutting down and abandoning module WindowsTargetPlatform (83)
[2018.03.07-05.36.26:618][982]LogModuleManager: Shutting down and abandoning module WindowsServerTargetPlatform (81)
[2018.03.07-05.36.26:618][982]LogModuleManager: Shutting down and abandoning module WindowsNoEditorTargetPlatform (79)
[2018.03.07-05.36.26:618][982]LogModuleManager: Shutting down and abandoning module WindowsClientTargetPlatform (77)
[2018.03.07-05.36.26:618][982]LogModuleManager: Shutting down and abandoning module MacTargetPlatform (75)
[2018.03.07-05.36.26:618][982]LogModuleManager: Shutting down and abandoning module MacServerTargetPlatform (73)
[2018.03.07-05.36.26:618][982]LogModuleManager: Shutting down and abandoning module MacNoEditorTargetPlatform (71)
[2018.03.07-05.36.26:618][982]LogModuleManager: Shutting down and abandoning module MacClientTargetPlatform (69)
[2018.03.07-05.36.26:618][982]LogModuleManager: Shutting down and abandoning module AllDesktopTargetPlatform (67)
[2018.03.07-05.36.26:618][982]LogModuleManager: Shutting down and abandoning module InputCore (64)
[2018.03.07-05.36.26:618][982]LogModuleManager: Shutting down and abandoning module Settings (62)
[2018.03.07-05.36.26:618][982]LogModuleManager: Shutting down and abandoning module PhysXCooking (60)
[2018.03.07-05.36.26:618][982]LogModuleManager: Shutting down and abandoning module SteamVR (58)
[2018.03.07-05.36.26:618][982]LogModuleManager: Shutting down and abandoning module OculusHMD (56)
[2018.03.07-05.36.26:618][982]LogModuleManager: Shutting down and abandoning module ExampleDeviceProfileSelector (54)
[2018.03.07-05.36.26:618][982]LogModuleManager: Shutting down and abandoning module AppleARKit (52)
[2018.03.07-05.36.26:618][982]LogModuleManager: Shutting down and abandoning module AugmentedReality (51)
[2018.03.07-05.36.26:618][982]LogModuleManager: Shutting down and abandoning module OnlineBlueprintSupport (48)
[2018.03.07-05.36.26:618][982]LogModuleManager: Shutting down and abandoning module OnlineSubsystem (44)
[2018.03.07-05.36.26:620][982]LogModuleManager: Shutting down and abandoning module XMPP (43)
[2018.03.07-05.36.26:620][982]LogModuleManager: Shutting down and abandoning module HTTP (41)
[2018.03.07-05.36.26:620][982]LogHttp: Display: Http module shutting down, but needs to wait on 1 outstanding Http requests:
[2018.03.07-05.36.26:621][982]LogHttp: Display: 	verb=[POST] url=[https://datarouter.ol.epicgames.com/datarouter/api/v1/public/data?SessionID=%7B1665BFE2-4B35-37D7-23B3-E8AC2B6E44B6%7D&AppID=UEEditor.Rocket.Release&AppVersion=4.18.3-3832480%2B%2B%2BUE4%2BRelease-4.18&UserID=b544b89046ceaec6e8e31c8a74473d5f%7C8ec0d82a37b847b29b53c3edf67c3f21%7Cd4cdefde-c158-440e-ab7e-f66549af5f88&AppEnvironment=datacollector-binary&UploadType=eteventstream] status=Processing
[2018.03.07-05.36.26:645][982]LogModuleManager: Shutting down and abandoning module SSL (40)
[2018.03.07-05.36.26:647][982]LogModuleManager: Shutting down and abandoning module AnimationModifiers (36)
[2018.03.07-05.36.26:648][982]LogModuleManager: Shutting down and abandoning module PropertyEditor (35)
[2018.03.07-05.36.26:648][982]LogModuleManager: Shutting down and abandoning module AudioEditor (32)
[2018.03.07-05.36.26:649][982]LogModuleManager: Shutting down and abandoning module TextureCompressor (30)
[2018.03.07-05.36.26:650][982]LogModuleManager: Shutting down and abandoning module ShaderCore (28)
[2018.03.07-05.36.26:650][982]LogModuleManager: Shutting down and abandoning module Landscape (26)
[2018.03.07-05.36.26:650][982]LogModuleManager: Shutting down and abandoning module SlateRHIRenderer (24)
[2018.03.07-05.36.26:651][982]LogModuleManager: Shutting down and abandoning module OpenGLDrv (22)
[2018.03.07-05.36.26:651][982]LogModuleManager: Shutting down and abandoning module D3D11RHI (20)
[2018.03.07-05.36.26:652][982]LogModuleManager: Shutting down and abandoning module AnimGraphRuntime (18)
[2018.03.07-05.36.26:652][982]LogModuleManager: Shutting down and abandoning module Renderer (16)
[2018.03.07-05.36.26:652][982]LogModuleManager: Shutting down and abandoning module Engine (14)
[2018.03.07-05.36.26:652][982]LogModuleManager: Shutting down and abandoning module CoreUObject (12)
[2018.03.07-05.36.26:652][982]LogModuleManager: Shutting down and abandoning module NetworkFile (10)
[2018.03.07-05.36.26:653][982]LogModuleManager: Shutting down and abandoning module CookedIterativeFile (8)
[2018.03.07-05.36.26:653][982]LogModuleManager: Shutting down and abandoning module StreamingFile (6)
[2018.03.07-05.36.26:653][982]LogModuleManager: Shutting down and abandoning module SandboxFile (4)
[2018.03.07-05.36.26:653][982]LogModuleManager: Shutting down and abandoning module PakFile (2)
[2018.03.07-05.36.26:657][982]LogExit: Exiting.
[2018.03.07-05.36.26:671][982]Log file closed, 03/06/18 22:36:26
